<?xml version="1.0" encoding="UTF-8"?>
<!-- Generated by org.testng.reporters.JUnitReportReporter -->
<testsuite hostname="tharunsrinivas" failures="0" tests="1" name="testScripts.AddCategoryTest" time="21.339" errors="0" timestamp="2024-02-02T10:39:41 IST" skipped="0">
  <testcase classname="testScripts.AddCategoryTest" name="addCategoryTest" time="21.339"/>
  <system-out/>
</testsuite> <!-- testScripts.AddCategoryTest -->
