<?xml version="1.0" encoding="UTF-8"?>
<!-- Generated by org.testng.reporters.JUnitReportReporter -->
<testsuite hostname="tharunsrinivas" failures="0" tests="1" name="testScripts.AddCourseTest" time="28.222" errors="0" timestamp="2024-02-02T10:39:41 IST" skipped="0">
  <testcase classname="testScripts.AddCourseTest" name="addCourseTest" time="28.222"/>
  <system-out/>
</testsuite> <!-- testScripts.AddCourseTest -->
